[   28360ms] [ERROR] %o

%s ReferenceError: MONTHS is not defined
    at GithubView (http://localhost:3000/_next/static/chunks/src_57fc793c._.js?id=%255Bproject%255D%252Fsrc%252Ffeatures%252Fgithub%252Fview%252Fgithub-view.tsx+%255Bapp-client%255D+%2528ecmascript%2529:286:51)
    at Object.react_stack_bottom_frame (http://localhost:3000/_next/static/chunks/f1ab7_next_dist_compiled_react-dom_186331dd._.js:14826:24)
    at renderWithHooks (http://localhost:3000/_next/static/chunks/f1ab7_next_dist_compiled_react-dom_186331dd._.js:4651:24)
    at updateFunctionComponent (http://localhost:3000/_next/static/chunks/f1ab7_next_dist_compiled_react-dom_186331dd._.js:6112:21)
    at beginWork (http://localhost:3000/_next/static/chunks/f1ab7_next_dist_compiled_react-dom_186331dd._.js:6708:24)
    at runWithFiberInDEV (http://localhost:3000/_next/static/chunks/f1ab7_next_dist_compiled_react-dom_186331dd._.js:965:74)
    at performUnitOfWork (http://localhost:3000/_next/static/chunks/f1ab7_next_dist_compiled_react-dom_186331dd._.js:9562:97)
    at workLoopSync (http://localhost:3000/_next/static/chunks/f1ab7_next_dist_compiled_react-dom_186331dd._.js:9456:40)
    at renderRootSync (http://localhost:3000/_next/static/chunks/f1ab7_next_dist_compiled_react-dom_186331dd._.js:9440:13)
    at performWorkOnRoot (http://localhost:3000/_next/static/chunks/f1ab7_next_dist_compiled_react-dom_186331dd._.js:9105:47)
    at performSyncWorkOnRoot (http://localhost:3000/_next/static/chunks/f1ab7_next_dist_compiled_react-dom_186331dd._.js:10238:9)
    at flushSyncWorkAcrossRoots_impl (http://localhost:3000/_next/static/chunks/f1ab7_next_dist_compiled_react-dom_186331dd._.js:10154:316)
    at flushSyncWork$1 (http://localhost:3000/_next/static/chunks/f1ab7_next_dist_compiled_react-dom_186331dd._.js:9237:86)
    at Object.scheduleRefresh (http://localhost:3000/_next/static/chunks/f1ab7_next_dist_compiled_react-dom_186331dd._.js:299:13)
    at http://localhost:3000/_next/static/chunks/f1ab7_next_dist_compiled_8f0b6462._.js:391:33
    at Set.forEach (<anonymous>)
    at Object.performReactRefresh (http://localhost:3000/_next/static/chunks/f1ab7_next_dist_compiled_8f0b6462._.js:384:38)
    at applyUpdate (http://localhost:3000/_next/static/chunks/f1ab7_next_dist_compiled_8f0b6462._.js:878:31)
    at http://localhost:3000/_next/static/chunks/f1ab7_next_dist_compiled_8f0b6462._.js:886:13 The above error occurred in the <GithubView> component. It was handled by the <ErrorBoundaryHandler> error boundary. @ http://localhost:3000/_next/static/chunks/f1ab7_next_dist_client_00ad68be._.js:1342
[   28365ms] [ERROR] ReferenceError: MONTHS is not defined
    at GithubView (http://localhost:3000/_next/static/chunks/src_57fc793c._.js?id=%255Bproject%255D%252Fsrc%252Ffeatures%252Fgithub%252Fview%252Fgithub-view.tsx+%255Bapp-client%255D+%2528ecmascript%2529:286:51)
    at Object.react_stack_bottom_frame (http://localhost:3000/_next/static/chunks/f1ab7_next_dist_compiled_react-dom_186331dd._.js:14826:24)
    at renderWithHooks (http://localhost:3000/_next/static/chunks/f1ab7_next_dist_compiled_react-dom_186331dd._.js:4651:24)
    at updateFunctionComponent (http://localhost:3000/_next/static/chunks/f1ab7_next_dist_compiled_react-dom_186331dd._.js:6112:21)
    at beginWork (http://localhost:3000/_next/static/chunks/f1ab7_next_dist_compiled_react-dom_186331dd._.js:6708:24)
    at runWithFiberInDEV (http://localhost:3000/_next/static/chunks/f1ab7_next_dist_compiled_react-dom_186331dd._.js:965:74)
    at performUnitOfWork (http://localhost:3000/_next/static/chunks/f1ab7_next_dist_compiled_react-dom_186331dd._.js:9562:97)
    at workLoopSync (http://localhost:3000/_next/static/chunks/f1ab7_next_dist_compiled_react-dom_186331dd._.js:9456:40)
    at renderRootSync (http://localhost:3000/_next/static/chunks/f1ab7_next_dist_compiled_react-dom_186331dd._.js:9440:13)
    at performWorkOnRoot (http://localhost:3000/_next/static/chunks/f1ab7_next_dist_compiled_react-dom_186331dd._.js:9105:47)
    at performSyncWorkOnRoot (http://localhost:3000/_next/static/chunks/f1ab7_next_dist_compiled_react-dom_186331dd._.js:10238:9)
    at flushSyncWorkAcrossRoots_impl (http://localhost:3000/_next/static/chunks/f1ab7_next_dist_compiled_react-dom_186331dd._.js:10154:316)
    at flushSyncWork$1 (http://localhost:3000/_next/static/chunks/f1ab7_next_dist_compiled_react-dom_186331dd._.js:9237:86)
    at Object.scheduleRefresh (http://localhost:3000/_next/static/chunks/f1ab7_next_dist_compiled_react-dom_186331dd._.js:299:13)
    at http://localhost:3000/_next/static/chunks/f1ab7_next_dist_compiled_8f0b6462._.js:391:33
    at Set.forEach (<anonymous>)
    at Object.performReactRefresh (http://localhost:3000/_next/static/chunks/f1ab7_next_dist_compiled_8f0b6462._.js:384:38)
    at applyUpdate (http://localhost:3000/_next/static/chunks/f1ab7_next_dist_compiled_8f0b6462._.js:878:31)
    at http://localhost:3000/_next/static/chunks/f1ab7_next_dist_compiled_8f0b6462._.js:886:13 @ http://localhost:3000/_next/static/chunks/f1ab7_next_dist_a27653a2._.js:3127
[   28365ms] [ERROR] ReferenceError: MONTHS is not defined
    at GithubView (http://localhost:3000/_next/static/chunks/src_57fc793c._.js?id=%255Bproject%255D%252Fsrc%252Ffeatures%252Fgithub%252Fview%252Fgithub-view.tsx+%255Bapp-client%255D+%2528ecmascript%2529:286:51)
    at Object.react_stack_bottom_frame (http://localhost:3000/_next/static/chunks/f1ab7_next_dist_compiled_react-dom_186331dd._.js:14826:24)
    at renderWithHooks (http://localhost:3000/_next/static/chunks/f1ab7_next_dist_compiled_react-dom_186331dd._.js:4651:24)
    at updateFunctionComponent (http://localhost:3000/_next/static/chunks/f1ab7_next_dist_compiled_react-dom_186331dd._.js:6112:21)
    at beginWork (http://localhost:3000/_next/static/chunks/f1ab7_next_dist_compiled_react-dom_186331dd._.js:6708:24)
    at runWithFiberInDEV (http://localhost:3000/_next/static/chunks/f1ab7_next_dist_compiled_react-dom_186331dd._.js:965:74)
    at performUnitOfWork (http://localhost:3000/_next/static/chunks/f1ab7_next_dist_compiled_react-dom_186331dd._.js:9562:97)
    at workLoopSync (http://localhost:3000/_next/static/chunks/f1ab7_next_dist_compiled_react-dom_186331dd._.js:9456:40)
    at renderRootSync (http://localhost:3000/_next/static/chunks/f1ab7_next_dist_compiled_react-dom_186331dd._.js:9440:13)
    at performWorkOnRoot (http://localhost:3000/_next/static/chunks/f1ab7_next_dist_compiled_react-dom_186331dd._.js:9105:47)
    at performSyncWorkOnRoot (http://localhost:3000/_next/static/chunks/f1ab7_next_dist_compiled_react-dom_186331dd._.js:10238:9)
    at flushSyncWorkAcrossRoots_impl (http://localhost:3000/_next/static/chunks/f1ab7_next_dist_compiled_react-dom_186331dd._.js:10154:316)
    at flushSyncWork$1 (http://localhost:3000/_next/static/chunks/f1ab7_next_dist_compiled_react-dom_186331dd._.js:9237:86)
    at Object.scheduleRefresh (http://localhost:3000/_next/static/chunks/f1ab7_next_dist_compiled_react-dom_186331dd._.js:299:13)
    at http://localhost:3000/_next/static/chunks/f1ab7_next_dist_compiled_8f0b6462._.js:391:33
    at Set.forEach (<anonymous>)
    at Object.performReactRefresh (http://localhost:3000/_next/static/chunks/f1ab7_next_dist_compiled_8f0b6462._.js:384:38)
    at applyUpdate (http://localhost:3000/_next/static/chunks/f1ab7_next_dist_compiled_8f0b6462._.js:878:31)
    at http://localhost:3000/_next/static/chunks/f1ab7_next_dist_compiled_8f0b6462._.js:886:13 @ http://localhost:3000/_next/static/chunks/f1ab7_next_dist_a27653a2._.js:3127
[   36846ms] [ERROR] %o

%s ReferenceError: MONTHS is not defined
    at GithubView (http://localhost:3000/_next/static/chunks/src_57fc793c._.js?id=%255Bproject%255D%252Fsrc%252Ffeatures%252Fgithub%252Fview%252Fgithub-view.tsx+%255Bapp-client%255D+%2528ecmascript%2529:304:51)
    at Object.react_stack_bottom_frame (http://localhost:3000/_next/static/chunks/f1ab7_next_dist_compiled_react-dom_186331dd._.js:14826:24)
    at renderWithHooks (http://localhost:3000/_next/static/chunks/f1ab7_next_dist_compiled_react-dom_186331dd._.js:4651:24)
    at updateFunctionComponent (http://localhost:3000/_next/static/chunks/f1ab7_next_dist_compiled_react-dom_186331dd._.js:6112:21)
    at beginWork (http://localhost:3000/_next/static/chunks/f1ab7_next_dist_compiled_react-dom_186331dd._.js:6687:639)
    at runWithFiberInDEV (http://localhost:3000/_next/static/chunks/f1ab7_next_dist_compiled_react-dom_186331dd._.js:965:74)
    at performUnitOfWork (http://localhost:3000/_next/static/chunks/f1ab7_next_dist_compiled_react-dom_186331dd._.js:9562:97)
    at workLoopSync (http://localhost:3000/_next/static/chunks/f1ab7_next_dist_compiled_react-dom_186331dd._.js:9456:40)
    at renderRootSync (http://localhost:3000/_next/static/chunks/f1ab7_next_dist_compiled_react-dom_186331dd._.js:9440:13)
    at performWorkOnRoot (http://localhost:3000/_next/static/chunks/f1ab7_next_dist_compiled_react-dom_186331dd._.js:9105:47)
    at performSyncWorkOnRoot (http://localhost:3000/_next/static/chunks/f1ab7_next_dist_compiled_react-dom_186331dd._.js:10238:9)
    at flushSyncWorkAcrossRoots_impl (http://localhost:3000/_next/static/chunks/f1ab7_next_dist_compiled_react-dom_186331dd._.js:10154:316)
    at flushSyncWork$1 (http://localhost:3000/_next/static/chunks/f1ab7_next_dist_compiled_react-dom_186331dd._.js:9237:86)
    at Object.scheduleRefresh (http://localhost:3000/_next/static/chunks/f1ab7_next_dist_compiled_react-dom_186331dd._.js:299:13)
    at http://localhost:3000/_next/static/chunks/f1ab7_next_dist_compiled_8f0b6462._.js:391:33
    at Set.forEach (<anonymous>)
    at Object.performReactRefresh (http://localhost:3000/_next/static/chunks/f1ab7_next_dist_compiled_8f0b6462._.js:384:38)
    at applyUpdate (http://localhost:3000/_next/static/chunks/f1ab7_next_dist_compiled_8f0b6462._.js:878:31)
    at http://localhost:3000/_next/static/chunks/f1ab7_next_dist_compiled_8f0b6462._.js:886:13 The above error occurred in the <GithubView> component. It was handled by the <ErrorBoundaryHandler> error boundary. @ http://localhost:3000/_next/static/chunks/f1ab7_next_dist_client_00ad68be._.js:1342
[   36847ms] [ERROR] ReferenceError: MONTHS is not defined
    at GithubView (http://localhost:3000/_next/static/chunks/src_57fc793c._.js?id=%255Bproject%255D%252Fsrc%252Ffeatures%252Fgithub%252Fview%252Fgithub-view.tsx+%255Bapp-client%255D+%2528ecmascript%2529:304:51)
    at Object.react_stack_bottom_frame (http://localhost:3000/_next/static/chunks/f1ab7_next_dist_compiled_react-dom_186331dd._.js:14826:24)
    at renderWithHooks (http://localhost:3000/_next/static/chunks/f1ab7_next_dist_compiled_react-dom_186331dd._.js:4651:24)
    at updateFunctionComponent (http://localhost:3000/_next/static/chunks/f1ab7_next_dist_compiled_react-dom_186331dd._.js:6112:21)
    at beginWork (http://localhost:3000/_next/static/chunks/f1ab7_next_dist_compiled_react-dom_186331dd._.js:6687:639)
    at runWithFiberInDEV (http://localhost:3000/_next/static/chunks/f1ab7_next_dist_compiled_react-dom_186331dd._.js:965:74)
    at performUnitOfWork (http://localhost:3000/_next/static/chunks/f1ab7_next_dist_compiled_react-dom_186331dd._.js:9562:97)
    at workLoopSync (http://localhost:3000/_next/static/chunks/f1ab7_next_dist_compiled_react-dom_186331dd._.js:9456:40)
    at renderRootSync (http://localhost:3000/_next/static/chunks/f1ab7_next_dist_compiled_react-dom_186331dd._.js:9440:13)
    at performWorkOnRoot (http://localhost:3000/_next/static/chunks/f1ab7_next_dist_compiled_react-dom_186331dd._.js:9105:47)
    at performSyncWorkOnRoot (http://localhost:3000/_next/static/chunks/f1ab7_next_dist_compiled_react-dom_186331dd._.js:10238:9)
    at flushSyncWorkAcrossRoots_impl (http://localhost:3000/_next/static/chunks/f1ab7_next_dist_compiled_react-dom_186331dd._.js:10154:316)
    at flushSyncWork$1 (http://localhost:3000/_next/static/chunks/f1ab7_next_dist_compiled_react-dom_186331dd._.js:9237:86)
    at Object.scheduleRefresh (http://localhost:3000/_next/static/chunks/f1ab7_next_dist_compiled_react-dom_186331dd._.js:299:13)
    at http://localhost:3000/_next/static/chunks/f1ab7_next_dist_compiled_8f0b6462._.js:391:33
    at Set.forEach (<anonymous>)
    at Object.performReactRefresh (http://localhost:3000/_next/static/chunks/f1ab7_next_dist_compiled_8f0b6462._.js:384:38)
    at applyUpdate (http://localhost:3000/_next/static/chunks/f1ab7_next_dist_compiled_8f0b6462._.js:878:31)
    at http://localhost:3000/_next/static/chunks/f1ab7_next_dist_compiled_8f0b6462._.js:886:13 @ http://localhost:3000/_next/static/chunks/f1ab7_next_dist_a27653a2._.js:3127
